<?xml version="1.0" encoding="UTF-8"?>
<testsuite xmlns:xsi="http://www.w3.org/2001/XMLSchema-instance" xsi:noNamespaceSchemaLocation="https://maven.apache.org/surefire/maven-surefire-plugin/xsd/surefire-test-report.xsd" name="org.apache.zookeeper.common.BCFKSFileLoaderTest" time="20.954" tests="80" errors="16" skipped="0" failures="0">
  <properties>
[...]
</properties>
  <testcase name="testLoadKeyStoreWithNullFilePath{X509KeyType, X509KeyType, String, Integer}[1]" classname="org.apache.zookeeper.common.BCFKSFileLoaderTest" time="0.581"/>
  <testcase name="testLoadKeyStoreWithNullFilePath{X509KeyType, X509KeyType, String, Integer}[2]" classname="org.apache.zookeeper.common.BCFKSFileLoaderTest" time="1.118"/>
  <testcase name="testLoadKeyStoreWithNullFilePath{X509KeyType, X509KeyType, String, Integer}[3]" classname="org.apache.zookeeper.common.BCFKSFileLoaderTest" time="0.228"/>
  <testcase name="testLoadKeyStoreWithNullFilePath{X509KeyType, X509KeyType, String, Integer}[4]" classname="org.apache.zookeeper.common.BCFKSFileLoaderTest" time="0.392"/>
  <testcase name="testLoadKeyStoreWithNullFilePath{X509KeyType, X509KeyType, String, Integer}[5]" classname="org.apache.zookeeper.common.BCFKSFileLoaderTest" time="0.331"/>
  <testcase name="testLoadKeyStoreWithNullFilePath{X509KeyType, X509KeyType, String, Integer}[6]" classname="org.apache.zookeeper.common.BCFKSFileLoaderTest" time="0.234"/>
  <testcase name="testLoadKeyStoreWithNullFilePath{X509KeyType, X509KeyType, String, Integer}[7]" classname="org.apache.zookeeper.common.BCFKSFileLoaderTest" time="0.009"/>
  <testcase name="testLoadKeyStoreWithNullFilePath{X509KeyType, X509KeyType, String, Integer}[8]" classname="org.apache.zookeeper.common.BCFKSFileLoaderTest" time="0.008"/>
  <testcase name="testLoadKeyStoreWithWrongFilePath{X509KeyType, X509KeyType, String, Integer}[1]" classname="org.apache.zookeeper.common.BCFKSFileLoaderTest" time="0.914"/>
  <testcase name="testLoadKeyStoreWithWrongFilePath{X509KeyType, X509KeyType, String, Integer}[2]" classname="org.apache.zookeeper.common.BCFKSFileLoaderTest" time="0.294"/>
  <testcase name="testLoadKeyStoreWithWrongFilePath{X509KeyType, X509KeyType, String, Integer}[3]" classname="org.apache.zookeeper.common.BCFKSFileLoaderTest" time="0.272"/>
  <testcase name="testLoadKeyStoreWithWrongFilePath{X509KeyType, X509KeyType, String, Integer}[4]" classname="org.apache.zookeeper.common.BCFKSFileLoaderTest" time="0.244"/>
  <testcase name="testLoadKeyStoreWithWrongFilePath{X509KeyType, X509KeyType, String, Integer}[5]" classname="org.apache.zookeeper.common.BCFKSFileLoaderTest" time="0.324"/>
  <testcase name="testLoadKeyStoreWithWrongFilePath{X509KeyType, X509KeyType, String, Integer}[6]" classname="org.apache.zookeeper.common.BCFKSFileLoaderTest" time="0.227"/>
  <testcase name="testLoadKeyStoreWithWrongFilePath{X509KeyType, X509KeyType, String, Integer}[7]" classname="org.apache.zookeeper.common.BCFKSFileLoaderTest" time="0.231"/>
  <testcase name="testLoadKeyStoreWithWrongFilePath{X509KeyType, X509KeyType, String, Integer}[8]" classname="org.apache.zookeeper.common.BCFKSFileLoaderTest" time="0.27"/>
  <testcase name="testLoadKeyStoreWithWrongFileType{X509KeyType, X509KeyType, String, Integer}[1]" classname="org.apache.zookeeper.common.BCFKSFileLoaderTest" time="0.029"/>
  <testcase name="testLoadKeyStoreWithWrongFileType{X509KeyType, X509KeyType, String, Integer}[2]" classname="org.apache.zookeeper.common.BCFKSFileLoaderTest" time="0.326"/>
  <testcase name="testLoadKeyStoreWithWrongFileType{X509KeyType, X509KeyType, String, Integer}[3]" classname="org.apache.zookeeper.common.BCFKSFileLoaderTest" time="0.033"/>
  <testcase name="testLoadKeyStoreWithWrongFileType{X509KeyType, X509KeyType, String, Integer}[4]" classname="org.apache.zookeeper.common.BCFKSFileLoaderTest" time="0.004"/>
  <testcase name="testLoadKeyStoreWithWrongFileType{X509KeyType, X509KeyType, String, Integer}[5]" classname="org.apache.zookeeper.common.BCFKSFileLoaderTest" time="0.012"/>
  <testcase name="testLoadKeyStoreWithWrongFileType{X509KeyType, X509KeyType, String, Integer}[6]" classname="org.apache.zookeeper.common.BCFKSFileLoaderTest" time="0.014"/>
  <testcase name="testLoadKeyStoreWithWrongFileType{X509KeyType, X509KeyType, String, Integer}[7]" classname="org.apache.zookeeper.common.BCFKSFileLoaderTest" time="0.02"/>
  <testcase name="testLoadKeyStoreWithWrongFileType{X509KeyType, X509KeyType, String, Integer}[8]" classname="org.apache.zookeeper.common.BCFKSFileLoaderTest" time="0.006"/>
  <testcase name="testLoadKeyStore{X509KeyType, X509KeyType, String, Integer}[1]" classname="org.apache.zookeeper.common.BCFKSFileLoaderTest" time="0.371">
    <error message="org.bouncycastle.jcajce.provider.keystore.bcfks.BcFKSKeyStoreSpi$ExtKeyStoreException: BCFKS KeyStore exception storing private key: java.security.InvalidKeyException: Illegal key size or default parameters" type="java.io.IOException">java.io.IOException: org.bouncycastle.jcajce.provider.keystore.bcfks.BcFKSKeyStoreSpi$ExtKeyStoreException: BCFKS KeyStore exception storing private key: java.security.InvalidKeyException: Illegal key size or default parameters
	at org.apache.zookeeper.common.X509TestContext.getKeyStoreBcfksFile(X509TestContext.java:340)
	at org.apache.zookeeper.common.X509TestContext.getKeyStoreFile(X509TestContext.java:274)
	at org.apache.zookeeper.common.BCFKSFileLoaderTest.testLoadKeyStore(BCFKSFileLoaderTest.java:37)
Caused by: org.bouncycastle.jcajce.provider.keystore.bcfks.BcFKSKeyStoreSpi$ExtKeyStoreException: BCFKS KeyStore exception storing private key: java.security.InvalidKeyException: Illegal key size or default parameters
	at java.security.KeyStore.setKeyEntry(KeyStore.java:1128)
	at org.apache.zookeeper.common.X509TestHelpers.certAndPrivateKeyToBytes(X509TestHelpers.java:415)
	at org.apache.zookeeper.common.X509TestHelpers.certAndPrivateKeyToBCFKSBytes(X509TestHelpers.java:408)
	at org.apache.zookeeper.common.X509TestContext.getKeyStoreBcfksFile(X509TestContext.java:335)
	... 2 more
Caused by: java.security.InvalidKeyException: Illegal key size or default parameters
	at javax.crypto.Cipher.checkCryptoPerm(Cipher.java:1021)
	at javax.crypto.Cipher.init(Cipher.java:1225)
	at javax.crypto.Cipher.init(Cipher.java:1166)
	... 6 more
</error>
    <system-out><![CDATA[2022-03-29 10:47:43,867 [myid:] - INFO  [main:ZKTestCase@77] - STARTING Optional[public void org.apache.zookeeper.common.BCFKSFileLoaderTest.testLoadKeyStore(org.apache.zookeeper.common.X509KeyType,org.apache.zookeeper.common.X509KeyType,java.lang.String,java.lang.Integer) throws java.lang.Exception]
2022-03-29 10:47:44,233 [myid:] - INFO  [main:ZKTestCase@82] - FINISHED Optional[public void org.apache.zookeeper.common.BCFKSFileLoaderTest.testLoadKeyStore(org.apache.zookeeper.common.X509KeyType,org.apache.zookeeper.common.X509KeyType,java.lang.String,java.lang.Integer) throws java.lang.Exception]
]]></system-out>
  </testcase>
  <testcase name="testLoadKeyStore{X509KeyType, X509KeyType, String, Integer}[2]" classname="org.apache.zookeeper.common.BCFKSFileLoaderTest" time="0.449">
    <error message="org.bouncycastle.jcajce.provider.keystore.bcfks.BcFKSKeyStoreSpi$ExtKeyStoreException: BCFKS KeyStore exception storing private key: java.security.InvalidKeyException: Illegal key size or default parameters" type="java.io.IOException">java.io.IOException: org.bouncycastle.jcajce.provider.keystore.bcfks.BcFKSKeyStoreSpi$ExtKeyStoreException: BCFKS KeyStore exception storing private key: java.security.InvalidKeyException: Illegal key size or default parameters
	at org.apache.zookeeper.common.X509TestContext.getKeyStoreBcfksFile(X509TestContext.java:340)
	at org.apache.zookeeper.common.X509TestContext.getKeyStoreFile(X509TestContext.java:274)
	at org.apache.zookeeper.common.BCFKSFileLoaderTest.testLoadKeyStore(BCFKSFileLoaderTest.java:37)
Caused by: org.bouncycastle.jcajce.provider.keystore.bcfks.BcFKSKeyStoreSpi$ExtKeyStoreException: BCFKS KeyStore exception storing private key: java.security.InvalidKeyException: Illegal key size or default parameters
	at java.security.KeyStore.setKeyEntry(KeyStore.java:1128)
	at org.apache.zookeeper.common.X509TestHelpers.certAndPrivateKeyToBytes(X509TestHelpers.java:415)
	at org.apache.zookeeper.common.X509TestHelpers.certAndPrivateKeyToBCFKSBytes(X509TestHelpers.java:408)
	at org.apache.zookeeper.common.X509TestContext.getKeyStoreBcfksFile(X509TestContext.java:335)
	... 2 more
Caused by: java.security.InvalidKeyException: Illegal key size or default parameters
	at javax.crypto.Cipher.checkCryptoPerm(Cipher.java:1021)
	at javax.crypto.Cipher.init(Cipher.java:1225)
	at javax.crypto.Cipher.init(Cipher.java:1166)
	... 6 more
</error>
    <system-out><![CDATA[2022-03-29 10:47:44,239 [myid:] - INFO  [main:ZKTestCase@77] - STARTING Optional[public void org.apache.zookeeper.common.BCFKSFileLoaderTest.testLoadKeyStore(org.apache.zookeeper.common.X509KeyType,org.apache.zookeeper.common.X509KeyType,java.lang.String,java.lang.Integer) throws java.lang.Exception]
2022-03-29 10:47:44,685 [myid:] - INFO  [main:ZKTestCase@82] - FINISHED Optional[public void org.apache.zookeeper.common.BCFKSFileLoaderTest.testLoadKeyStore(org.apache.zookeeper.common.X509KeyType,org.apache.zookeeper.common.X509KeyType,java.lang.String,java.lang.Integer) throws java.lang.Exception]
]]></system-out>
  </testcase>
  <testcase name="testLoadKeyStore{X509KeyType, X509KeyType, String, Integer}[3]" classname="org.apache.zookeeper.common.BCFKSFileLoaderTest" time="0.465">
    <error message="org.bouncycastle.jcajce.provider.keystore.bcfks.BcFKSKeyStoreSpi$ExtKeyStoreException: BCFKS KeyStore exception storing private key: java.security.InvalidKeyException: Illegal key size or default parameters" type="java.io.IOException">java.io.IOException: org.bouncycastle.jcajce.provider.keystore.bcfks.BcFKSKeyStoreSpi$ExtKeyStoreException: BCFKS KeyStore exception storing private key: java.security.InvalidKeyException: Illegal key size or default parameters
	at org.apache.zookeeper.common.X509TestContext.getKeyStoreBcfksFile(X509TestContext.java:340)
	at org.apache.zookeeper.common.X509TestContext.getKeyStoreFile(X509TestContext.java:274)
	at org.apache.zookeeper.common.BCFKSFileLoaderTest.testLoadKeyStore(BCFKSFileLoaderTest.java:37)
Caused by: org.bouncycastle.jcajce.provider.keystore.bcfks.BcFKSKeyStoreSpi$ExtKeyStoreException: BCFKS KeyStore exception storing private key: java.security.InvalidKeyException: Illegal key size or default parameters
	at java.security.KeyStore.setKeyEntry(KeyStore.java:1128)
	at org.apache.zookeeper.common.X509TestHelpers.certAndPrivateKeyToBytes(X509TestHelpers.java:415)
	at org.apache.zookeeper.common.X509TestHelpers.certAndPrivateKeyToBCFKSBytes(X509TestHelpers.java:408)
	at org.apache.zookeeper.common.X509TestContext.getKeyStoreBcfksFile(X509TestContext.java:335)
	... 2 more
Caused by: java.security.InvalidKeyException: Illegal key size or default parameters
	at javax.crypto.Cipher.checkCryptoPerm(Cipher.java:1021)
	at javax.crypto.Cipher.init(Cipher.java:1225)
	at javax.crypto.Cipher.init(Cipher.java:1166)
	... 6 more
</error>
    <system-out><![CDATA[2022-03-29 10:47:44,687 [myid:] - INFO  [main:ZKTestCase@77] - STARTING Optional[public void org.apache.zookeeper.common.BCFKSFileLoaderTest.testLoadKeyStore(org.apache.zookeeper.common.X509KeyType,org.apache.zookeeper.common.X509KeyType,java.lang.String,java.lang.Integer) throws java.lang.Exception]
2022-03-29 10:47:45,151 [myid:] - INFO  [main:ZKTestCase@82] - FINISHED Optional[public void org.apache.zookeeper.common.BCFKSFileLoaderTest.testLoadKeyStore(org.apache.zookeeper.common.X509KeyType,org.apache.zookeeper.common.X509KeyType,java.lang.String,java.lang.Integer) throws java.lang.Exception]
]]></system-out>
  </testcase>
  <testcase name="testLoadKeyStore{X509KeyType, X509KeyType, String, Integer}[4]" classname="org.apache.zookeeper.common.BCFKSFileLoaderTest" time="0.29">
    <error message="org.bouncycastle.jcajce.provider.keystore.bcfks.BcFKSKeyStoreSpi$ExtKeyStoreException: BCFKS KeyStore exception storing private key: java.security.InvalidKeyException: Illegal key size or default parameters" type="java.io.IOException">java.io.IOException: org.bouncycastle.jcajce.provider.keystore.bcfks.BcFKSKeyStoreSpi$ExtKeyStoreException: BCFKS KeyStore exception storing private key: java.security.InvalidKeyException: Illegal key size or default parameters
	at org.apache.zookeeper.common.X509TestContext.getKeyStoreBcfksFile(X509TestContext.java:340)
	at org.apache.zookeeper.common.X509TestContext.getKeyStoreFile(X509TestContext.java:274)
	at org.apache.zookeeper.common.BCFKSFileLoaderTest.testLoadKeyStore(BCFKSFileLoaderTest.java:37)
Caused by: org.bouncycastle.jcajce.provider.keystore.bcfks.BcFKSKeyStoreSpi$ExtKeyStoreException: BCFKS KeyStore exception storing private key: java.security.InvalidKeyException: Illegal key size or default parameters
	at java.security.KeyStore.setKeyEntry(KeyStore.java:1128)
	at org.apache.zookeeper.common.X509TestHelpers.certAndPrivateKeyToBytes(X509TestHelpers.java:415)
	at org.apache.zookeeper.common.X509TestHelpers.certAndPrivateKeyToBCFKSBytes(X509TestHelpers.java:408)
	at org.apache.zookeeper.common.X509TestContext.getKeyStoreBcfksFile(X509TestContext.java:335)
	... 2 more
Caused by: java.security.InvalidKeyException: Illegal key size or default parameters
	at javax.crypto.Cipher.checkCryptoPerm(Cipher.java:1021)
	at javax.crypto.Cipher.init(Cipher.java:1225)
	at javax.crypto.Cipher.init(Cipher.java:1166)
	... 6 more
</error>
    <system-out><![CDATA[2022-03-29 10:47:45,155 [myid:] - INFO  [main:ZKTestCase@77] - STARTING Optional[public void org.apache.zookeeper.common.BCFKSFileLoaderTest.testLoadKeyStore(org.apache.zookeeper.common.X509KeyType,org.apache.zookeeper.common.X509KeyType,java.lang.String,java.lang.Integer) throws java.lang.Exception]
2022-03-29 10:47:45,444 [myid:] - INFO  [main:ZKTestCase@82] - FINISHED Optional[public void org.apache.zookeeper.common.BCFKSFileLoaderTest.testLoadKeyStore(org.apache.zookeeper.common.X509KeyType,org.apache.zookeeper.common.X509KeyType,java.lang.String,java.lang.Integer) throws java.lang.Exception]
]]></system-out>
  </testcase>
  <testcase name="testLoadKeyStore{X509KeyType, X509KeyType, String, Integer}[5]" classname="org.apache.zookeeper.common.BCFKSFileLoaderTest" time="0.23">
    <error message="org.bouncycastle.jcajce.provider.keystore.bcfks.BcFKSKeyStoreSpi$ExtKeyStoreException: BCFKS KeyStore exception storing private key: java.security.InvalidKeyException: Illegal key size or default parameters" type="java.io.IOException">java.io.IOException: org.bouncycastle.jcajce.provider.keystore.bcfks.BcFKSKeyStoreSpi$ExtKeyStoreException: BCFKS KeyStore exception storing private key: java.security.InvalidKeyException: Illegal key size or default parameters
	at org.apache.zookeeper.common.X509TestContext.getKeyStoreBcfksFile(X509TestContext.java:340)
	at org.apache.zookeeper.common.X509TestContext.getKeyStoreFile(X509TestContext.java:274)
	at org.apache.zookeeper.common.BCFKSFileLoaderTest.testLoadKeyStore(BCFKSFileLoaderTest.java:37)
Caused by: org.bouncycastle.jcajce.provider.keystore.bcfks.BcFKSKeyStoreSpi$ExtKeyStoreException: BCFKS KeyStore exception storing private key: java.security.InvalidKeyException: Illegal key size or default parameters
	at java.security.KeyStore.setKeyEntry(KeyStore.java:1128)
	at org.apache.zookeeper.common.X509TestHelpers.certAndPrivateKeyToBytes(X509TestHelpers.java:415)
	at org.apache.zookeeper.common.X509TestHelpers.certAndPrivateKeyToBCFKSBytes(X509TestHelpers.java:408)
	at org.apache.zookeeper.common.X509TestContext.getKeyStoreBcfksFile(X509TestContext.java:335)
	... 2 more
Caused by: java.security.InvalidKeyException: Illegal key size or default parameters
	at javax.crypto.Cipher.checkCryptoPerm(Cipher.java:1021)
	at javax.crypto.Cipher.init(Cipher.java:1225)
	at javax.crypto.Cipher.init(Cipher.java:1166)
	... 6 more
</error>
    <system-out><![CDATA[2022-03-29 10:47:45,445 [myid:] - INFO  [main:ZKTestCase@77] - STARTING Optional[public void org.apache.zookeeper.common.BCFKSFileLoaderTest.testLoadKeyStore(org.apache.zookeeper.common.X509KeyType,org.apache.zookeeper.common.X509KeyType,java.lang.String,java.lang.Integer) throws java.lang.Exception]
2022-03-29 10:47:45,674 [myid:] - INFO  [main:ZKTestCase@82] - FINISHED Optional[public void org.apache.zookeeper.common.BCFKSFileLoaderTest.testLoadKeyStore(org.apache.zookeeper.common.X509KeyType,org.apache.zookeeper.common.X509KeyType,java.lang.String,java.lang.Integer) throws java.lang.Exception]
]]></system-out>
  </testcase>
  <testcase name="testLoadKeyStore{X509KeyType, X509KeyType, String, Integer}[6]" classname="org.apache.zookeeper.common.BCFKSFileLoaderTest" time="0.221">
    <error message="org.bouncycastle.jcajce.provider.keystore.bcfks.BcFKSKeyStoreSpi$ExtKeyStoreException: BCFKS KeyStore exception storing private key: java.security.InvalidKeyException: Illegal key size or default parameters" type="java.io.IOException">java.io.IOException: org.bouncycastle.jcajce.provider.keystore.bcfks.BcFKSKeyStoreSpi$ExtKeyStoreException: BCFKS KeyStore exception storing private key: java.security.InvalidKeyException: Illegal key size or default parameters
	at org.apache.zookeeper.common.X509TestContext.getKeyStoreBcfksFile(X509TestContext.java:340)
	at org.apache.zookeeper.common.X509TestContext.getKeyStoreFile(X509TestContext.java:274)
	at org.apache.zookeeper.common.BCFKSFileLoaderTest.testLoadKeyStore(BCFKSFileLoaderTest.java:37)
Caused by: org.bouncycastle.jcajce.provider.keystore.bcfks.BcFKSKeyStoreSpi$ExtKeyStoreException: BCFKS KeyStore exception storing private key: java.security.InvalidKeyException: Illegal key size or default parameters
	at java.security.KeyStore.setKeyEntry(KeyStore.java:1128)
	at org.apache.zookeeper.common.X509TestHelpers.certAndPrivateKeyToBytes(X509TestHelpers.java:415)
	at org.apache.zookeeper.common.X509TestHelpers.certAndPrivateKeyToBCFKSBytes(X509TestHelpers.java:408)
	at org.apache.zookeeper.common.X509TestContext.getKeyStoreBcfksFile(X509TestContext.java:335)
	... 2 more
Caused by: java.security.InvalidKeyException: Illegal key size or default parameters
	at javax.crypto.Cipher.checkCryptoPerm(Cipher.java:1021)
	at javax.crypto.Cipher.init(Cipher.java:1225)
	at javax.crypto.Cipher.init(Cipher.java:1166)
	... 6 more
</error>
    <system-out><![CDATA[2022-03-29 10:47:45,676 [myid:] - INFO  [main:ZKTestCase@77] - STARTING Optional[public void org.apache.zookeeper.common.BCFKSFileLoaderTest.testLoadKeyStore(org.apache.zookeeper.common.X509KeyType,org.apache.zookeeper.common.X509KeyType,java.lang.String,java.lang.Integer) throws java.lang.Exception]
2022-03-29 10:47:45,896 [myid:] - INFO  [main:ZKTestCase@82] - FINISHED Optional[public void org.apache.zookeeper.common.BCFKSFileLoaderTest.testLoadKeyStore(org.apache.zookeeper.common.X509KeyType,org.apache.zookeeper.common.X509KeyType,java.lang.String,java.lang.Integer) throws java.lang.Exception]
]]></system-out>
  </testcase>
  <testcase name="testLoadKeyStore{X509KeyType, X509KeyType, String, Integer}[7]" classname="org.apache.zookeeper.common.BCFKSFileLoaderTest" time="0.25">
    <error message="org.bouncycastle.jcajce.provider.keystore.bcfks.BcFKSKeyStoreSpi$ExtKeyStoreException: BCFKS KeyStore exception storing private key: java.security.InvalidKeyException: Illegal key size or default parameters" type="java.io.IOException">java.io.IOException: org.bouncycastle.jcajce.provider.keystore.bcfks.BcFKSKeyStoreSpi$ExtKeyStoreException: BCFKS KeyStore exception storing private key: java.security.InvalidKeyException: Illegal key size or default parameters
	at org.apache.zookeeper.common.X509TestContext.getKeyStoreBcfksFile(X509TestContext.java:340)
	at org.apache.zookeeper.common.X509TestContext.getKeyStoreFile(X509TestContext.java:274)
	at org.apache.zookeeper.common.BCFKSFileLoaderTest.testLoadKeyStore(BCFKSFileLoaderTest.java:37)
Caused by: org.bouncycastle.jcajce.provider.keystore.bcfks.BcFKSKeyStoreSpi$ExtKeyStoreException: BCFKS KeyStore exception storing private key: java.security.InvalidKeyException: Illegal key size or default parameters
	at java.security.KeyStore.setKeyEntry(KeyStore.java:1128)
	at org.apache.zookeeper.common.X509TestHelpers.certAndPrivateKeyToBytes(X509TestHelpers.java:415)
	at org.apache.zookeeper.common.X509TestHelpers.certAndPrivateKeyToBCFKSBytes(X509TestHelpers.java:408)
	at org.apache.zookeeper.common.X509TestContext.getKeyStoreBcfksFile(X509TestContext.java:335)
	... 2 more
Caused by: java.security.InvalidKeyException: Illegal key size or default parameters
	at javax.crypto.Cipher.checkCryptoPerm(Cipher.java:1021)
	at javax.crypto.Cipher.init(Cipher.java:1225)
	at javax.crypto.Cipher.init(Cipher.java:1166)
	... 6 more
</error>
    <system-out><![CDATA[2022-03-29 10:47:45,898 [myid:] - INFO  [main:ZKTestCase@77] - STARTING Optional[public void org.apache.zookeeper.common.BCFKSFileLoaderTest.testLoadKeyStore(org.apache.zookeeper.common.X509KeyType,org.apache.zookeeper.common.X509KeyType,java.lang.String,java.lang.Integer) throws java.lang.Exception]
2022-03-29 10:47:46,147 [myid:] - INFO  [main:ZKTestCase@82] - FINISHED Optional[public void org.apache.zookeeper.common.BCFKSFileLoaderTest.testLoadKeyStore(org.apache.zookeeper.common.X509KeyType,org.apache.zookeeper.common.X509KeyType,java.lang.String,java.lang.Integer) throws java.lang.Exception]
]]></system-out>
  </testcase>
  <testcase name="testLoadKeyStore{X509KeyType, X509KeyType, String, Integer}[8]" classname="org.apache.zookeeper.common.BCFKSFileLoaderTest" time="0.424">
    <error message="org.bouncycastle.jcajce.provider.keystore.bcfks.BcFKSKeyStoreSpi$ExtKeyStoreException: BCFKS KeyStore exception storing private key: java.security.InvalidKeyException: Illegal key size or default parameters" type="java.io.IOException">java.io.IOException: org.bouncycastle.jcajce.provider.keystore.bcfks.BcFKSKeyStoreSpi$ExtKeyStoreException: BCFKS KeyStore exception storing private key: java.security.InvalidKeyException: Illegal key size or default parameters
	at org.apache.zookeeper.common.X509TestContext.getKeyStoreBcfksFile(X509TestContext.java:340)
	at org.apache.zookeeper.common.X509TestContext.getKeyStoreFile(X509TestContext.java:274)
	at org.apache.zookeeper.common.BCFKSFileLoaderTest.testLoadKeyStore(BCFKSFileLoaderTest.java:37)
Caused by: org.bouncycastle.jcajce.provider.keystore.bcfks.BcFKSKeyStoreSpi$ExtKeyStoreException: BCFKS KeyStore exception storing private key: java.security.InvalidKeyException: Illegal key size or default parameters
	at java.security.KeyStore.setKeyEntry(KeyStore.java:1128)
	at org.apache.zookeeper.common.X509TestHelpers.certAndPrivateKeyToBytes(X509TestHelpers.java:415)
	at org.apache.zookeeper.common.X509TestHelpers.certAndPrivateKeyToBCFKSBytes(X509TestHelpers.java:408)
	at org.apache.zookeeper.common.X509TestContext.getKeyStoreBcfksFile(X509TestContext.java:335)
	... 2 more
Caused by: java.security.InvalidKeyException: Illegal key size or default parameters
	at javax.crypto.Cipher.checkCryptoPerm(Cipher.java:1021)
	at javax.crypto.Cipher.init(Cipher.java:1225)
	at javax.crypto.Cipher.init(Cipher.java:1166)
	... 6 more
</error>
    <system-out><![CDATA[2022-03-29 10:47:46,149 [myid:] - INFO  [main:ZKTestCase@77] - STARTING Optional[public void org.apache.zookeeper.common.BCFKSFileLoaderTest.testLoadKeyStore(org.apache.zookeeper.common.X509KeyType,org.apache.zookeeper.common.X509KeyType,java.lang.String,java.lang.Integer) throws java.lang.Exception]
2022-03-29 10:47:46,572 [myid:] - INFO  [main:ZKTestCase@82] - FINISHED Optional[public void org.apache.zookeeper.common.BCFKSFileLoaderTest.testLoadKeyStore(org.apache.zookeeper.common.X509KeyType,org.apache.zookeeper.common.X509KeyType,java.lang.String,java.lang.Integer) throws java.lang.Exception]
]]></system-out>
  </testcase>
  <testcase name="testLoadTrustStore{X509KeyType, X509KeyType, String, Integer}[1]" classname="org.apache.zookeeper.common.BCFKSFileLoaderTest" time="0.397">
    <error message="java.security.InvalidKeyException: Illegal key size or default parameters" type="java.io.IOException">java.io.IOException: java.security.InvalidKeyException: Illegal key size or default parameters
	at java.security.KeyStore.store(KeyStore.java:1365)
	at org.apache.zookeeper.common.X509TestHelpers.certToTrustStoreBytes(X509TestHelpers.java:351)
	at org.apache.zookeeper.common.X509TestHelpers.certToBCFKSTrustStoreBytes(X509TestHelpers.java:343)
	at org.apache.zookeeper.common.X509TestContext.getTrustStoreBcfksFile(X509TestContext.java:223)
	at org.apache.zookeeper.common.X509TestContext.getTrustStoreFile(X509TestContext.java:166)
	at org.apache.zookeeper.common.BCFKSFileLoaderTest.testLoadTrustStore(BCFKSFileLoaderTest.java:115)
</error>
    <system-out><![CDATA[2022-03-29 10:47:46,576 [myid:] - INFO  [main:ZKTestCase@77] - STARTING Optional[public void org.apache.zookeeper.common.BCFKSFileLoaderTest.testLoadTrustStore(org.apache.zookeeper.common.X509KeyType,org.apache.zookeeper.common.X509KeyType,java.lang.String,java.lang.Integer) throws java.lang.Exception]
2022-03-29 10:47:46,972 [myid:] - INFO  [main:ZKTestCase@82] - FINISHED Optional[public void org.apache.zookeeper.common.BCFKSFileLoaderTest.testLoadTrustStore(org.apache.zookeeper.common.X509KeyType,org.apache.zookeeper.common.X509KeyType,java.lang.String,java.lang.Integer) throws java.lang.Exception]
]]></system-out>
  </testcase>
  <testcase name="testLoadTrustStore{X509KeyType, X509KeyType, String, Integer}[2]" classname="org.apache.zookeeper.common.BCFKSFileLoaderTest" time="0.37">
    <error message="java.security.InvalidKeyException: Illegal key size or default parameters" type="java.io.IOException">java.io.IOException: java.security.InvalidKeyException: Illegal key size or default parameters
	at java.security.KeyStore.store(KeyStore.java:1365)
	at org.apache.zookeeper.common.X509TestHelpers.certToTrustStoreBytes(X509TestHelpers.java:351)
	at org.apache.zookeeper.common.X509TestHelpers.certToBCFKSTrustStoreBytes(X509TestHelpers.java:343)
	at org.apache.zookeeper.common.X509TestContext.getTrustStoreBcfksFile(X509TestContext.java:223)
	at org.apache.zookeeper.common.X509TestContext.getTrustStoreFile(X509TestContext.java:166)
	at org.apache.zookeeper.common.BCFKSFileLoaderTest.testLoadTrustStore(BCFKSFileLoaderTest.java:115)
</error>
    <system-out><![CDATA[2022-03-29 10:47:46,974 [myid:] - INFO  [main:ZKTestCase@77] - STARTING Optional[public void org.apache.zookeeper.common.BCFKSFileLoaderTest.testLoadTrustStore(org.apache.zookeeper.common.X509KeyType,org.apache.zookeeper.common.X509KeyType,java.lang.String,java.lang.Integer) throws java.lang.Exception]
2022-03-29 10:47:47,342 [myid:] - INFO  [main:ZKTestCase@82] - FINISHED Optional[public void org.apache.zookeeper.common.BCFKSFileLoaderTest.testLoadTrustStore(org.apache.zookeeper.common.X509KeyType,org.apache.zookeeper.common.X509KeyType,java.lang.String,java.lang.Integer) throws java.lang.Exception]
]]></system-out>
  </testcase>
  <testcase name="testLoadTrustStore{X509KeyType, X509KeyType, String, Integer}[3]" classname="org.apache.zookeeper.common.BCFKSFileLoaderTest" time="0.384">
    <error message="java.security.InvalidKeyException: Illegal key size or default parameters" type="java.io.IOException">java.io.IOException: java.security.InvalidKeyException: Illegal key size or default parameters
	at java.security.KeyStore.store(KeyStore.java:1365)
	at org.apache.zookeeper.common.X509TestHelpers.certToTrustStoreBytes(X509TestHelpers.java:351)
	at org.apache.zookeeper.common.X509TestHelpers.certToBCFKSTrustStoreBytes(X509TestHelpers.java:343)
	at org.apache.zookeeper.common.X509TestContext.getTrustStoreBcfksFile(X509TestContext.java:223)
	at org.apache.zookeeper.common.X509TestContext.getTrustStoreFile(X509TestContext.java:166)
	at org.apache.zookeeper.common.BCFKSFileLoaderTest.testLoadTrustStore(BCFKSFileLoaderTest.java:115)
</error>
    <system-out><![CDATA[2022-03-29 10:47:47,344 [myid:] - INFO  [main:ZKTestCase@77] - STARTING Optional[public void org.apache.zookeeper.common.BCFKSFileLoaderTest.testLoadTrustStore(org.apache.zookeeper.common.X509KeyType,org.apache.zookeeper.common.X509KeyType,java.lang.String,java.lang.Integer) throws java.lang.Exception]
2022-03-29 10:47:47,726 [myid:] - INFO  [main:ZKTestCase@82] - FINISHED Optional[public void org.apache.zookeeper.common.BCFKSFileLoaderTest.testLoadTrustStore(org.apache.zookeeper.common.X509KeyType,org.apache.zookeeper.common.X509KeyType,java.lang.String,java.lang.Integer) throws java.lang.Exception]
]]></system-out>
  </testcase>
  <testcase name="testLoadTrustStore{X509KeyType, X509KeyType, String, Integer}[4]" classname="org.apache.zookeeper.common.BCFKSFileLoaderTest" time="0.281">
    <error message="java.security.InvalidKeyException: Illegal key size or default parameters" type="java.io.IOException">java.io.IOException: java.security.InvalidKeyException: Illegal key size or default parameters
	at java.security.KeyStore.store(KeyStore.java:1365)
	at org.apache.zookeeper.common.X509TestHelpers.certToTrustStoreBytes(X509TestHelpers.java:351)
	at org.apache.zookeeper.common.X509TestHelpers.certToBCFKSTrustStoreBytes(X509TestHelpers.java:343)
	at org.apache.zookeeper.common.X509TestContext.getTrustStoreBcfksFile(X509TestContext.java:223)
	at org.apache.zookeeper.common.X509TestContext.getTrustStoreFile(X509TestContext.java:166)
	at org.apache.zookeeper.common.BCFKSFileLoaderTest.testLoadTrustStore(BCFKSFileLoaderTest.java:115)
</error>
    <system-out><![CDATA[2022-03-29 10:47:47,729 [myid:] - INFO  [main:ZKTestCase@77] - STARTING Optional[public void org.apache.zookeeper.common.BCFKSFileLoaderTest.testLoadTrustStore(org.apache.zookeeper.common.X509KeyType,org.apache.zookeeper.common.X509KeyType,java.lang.String,java.lang.Integer) throws java.lang.Exception]
2022-03-29 10:47:48,004 [myid:] - INFO  [main:ZKTestCase@82] - FINISHED Optional[public void org.apache.zookeeper.common.BCFKSFileLoaderTest.testLoadTrustStore(org.apache.zookeeper.common.X509KeyType,org.apache.zookeeper.common.X509KeyType,java.lang.String,java.lang.Integer) throws java.lang.Exception]
]]></system-out>
  </testcase>
  <testcase name="testLoadTrustStore{X509KeyType, X509KeyType, String, Integer}[5]" classname="org.apache.zookeeper.common.BCFKSFileLoaderTest" time="0.294">
    <error message="java.security.InvalidKeyException: Illegal key size or default parameters" type="java.io.IOException">java.io.IOException: java.security.InvalidKeyException: Illegal key size or default parameters
	at java.security.KeyStore.store(KeyStore.java:1365)
	at org.apache.zookeeper.common.X509TestHelpers.certToTrustStoreBytes(X509TestHelpers.java:351)
	at org.apache.zookeeper.common.X509TestHelpers.certToBCFKSTrustStoreBytes(X509TestHelpers.java:343)
	at org.apache.zookeeper.common.X509TestContext.getTrustStoreBcfksFile(X509TestContext.java:223)
	at org.apache.zookeeper.common.X509TestContext.getTrustStoreFile(X509TestContext.java:166)
	at org.apache.zookeeper.common.BCFKSFileLoaderTest.testLoadTrustStore(BCFKSFileLoaderTest.java:115)
</error>
    <system-out><![CDATA[2022-03-29 10:47:48,009 [myid:] - INFO  [main:ZKTestCase@77] - STARTING Optional[public void org.apache.zookeeper.common.BCFKSFileLoaderTest.testLoadTrustStore(org.apache.zookeeper.common.X509KeyType,org.apache.zookeeper.common.X509KeyType,java.lang.String,java.lang.Integer) throws java.lang.Exception]
2022-03-29 10:47:48,303 [myid:] - INFO  [main:ZKTestCase@82] - FINISHED Optional[public void org.apache.zookeeper.common.BCFKSFileLoaderTest.testLoadTrustStore(org.apache.zookeeper.common.X509KeyType,org.apache.zookeeper.common.X509KeyType,java.lang.String,java.lang.Integer) throws java.lang.Exception]
]]></system-out>
  </testcase>
  <testcase name="testLoadTrustStore{X509KeyType, X509KeyType, String, Integer}[6]" classname="org.apache.zookeeper.common.BCFKSFileLoaderTest" time="0.225">
    <error message="java.security.InvalidKeyException: Illegal key size or default parameters" type="java.io.IOException">java.io.IOException: java.security.InvalidKeyException: Illegal key size or default parameters
	at java.security.KeyStore.store(KeyStore.java:1365)
	at org.apache.zookeeper.common.X509TestHelpers.certToTrustStoreBytes(X509TestHelpers.java:351)
	at org.apache.zookeeper.common.X509TestHelpers.certToBCFKSTrustStoreBytes(X509TestHelpers.java:343)
	at org.apache.zookeeper.common.X509TestContext.getTrustStoreBcfksFile(X509TestContext.java:223)
	at org.apache.zookeeper.common.X509TestContext.getTrustStoreFile(X509TestContext.java:166)
	at org.apache.zookeeper.common.BCFKSFileLoaderTest.testLoadTrustStore(BCFKSFileLoaderTest.java:115)
</error>
    <system-out><![CDATA[2022-03-29 10:47:48,305 [myid:] - INFO  [main:ZKTestCase@77] - STARTING Optional[public void org.apache.zookeeper.common.BCFKSFileLoaderTest.testLoadTrustStore(org.apache.zookeeper.common.X509KeyType,org.apache.zookeeper.common.X509KeyType,java.lang.String,java.lang.Integer) throws java.lang.Exception]
2022-03-29 10:47:48,529 [myid:] - INFO  [main:ZKTestCase@82] - FINISHED Optional[public void org.apache.zookeeper.common.BCFKSFileLoaderTest.testLoadTrustStore(org.apache.zookeeper.common.X509KeyType,org.apache.zookeeper.common.X509KeyType,java.lang.String,java.lang.Integer) throws java.lang.Exception]
]]></system-out>
  </testcase>
  <testcase name="testLoadTrustStore{X509KeyType, X509KeyType, String, Integer}[7]" classname="org.apache.zookeeper.common.BCFKSFileLoaderTest" time="0.296">
    <error message="java.security.InvalidKeyException: Illegal key size or default parameters" type="java.io.IOException">java.io.IOException: java.security.InvalidKeyException: Illegal key size or default parameters
	at java.security.KeyStore.store(KeyStore.java:1365)
	at org.apache.zookeeper.common.X509TestHelpers.certToTrustStoreBytes(X509TestHelpers.java:351)
	at org.apache.zookeeper.common.X509TestHelpers.certToBCFKSTrustStoreBytes(X509TestHelpers.java:343)
	at org.apache.zookeeper.common.X509TestContext.getTrustStoreBcfksFile(X509TestContext.java:223)
	at org.apache.zookeeper.common.X509TestContext.getTrustStoreFile(X509TestContext.java:166)
	at org.apache.zookeeper.common.BCFKSFileLoaderTest.testLoadTrustStore(BCFKSFileLoaderTest.java:115)
</error>
    <system-out><![CDATA[2022-03-29 10:47:48,531 [myid:] - INFO  [main:ZKTestCase@77] - STARTING Optional[public void org.apache.zookeeper.common.BCFKSFileLoaderTest.testLoadTrustStore(org.apache.zookeeper.common.X509KeyType,org.apache.zookeeper.common.X509KeyType,java.lang.String,java.lang.Integer) throws java.lang.Exception]
2022-03-29 10:47:48,827 [myid:] - INFO  [main:ZKTestCase@82] - FINISHED Optional[public void org.apache.zookeeper.common.BCFKSFileLoaderTest.testLoadTrustStore(org.apache.zookeeper.common.X509KeyType,org.apache.zookeeper.common.X509KeyType,java.lang.String,java.lang.Integer) throws java.lang.Exception]
]]></system-out>
  </testcase>
  <testcase name="testLoadTrustStore{X509KeyType, X509KeyType, String, Integer}[8]" classname="org.apache.zookeeper.common.BCFKSFileLoaderTest" time="0.237">
    <error message="java.security.InvalidKeyException: Illegal key size or default parameters" type="java.io.IOException">java.io.IOException: java.security.InvalidKeyException: Illegal key size or default parameters
	at java.security.KeyStore.store(KeyStore.java:1365)
	at org.apache.zookeeper.common.X509TestHelpers.certToTrustStoreBytes(X509TestHelpers.java:351)
	at org.apache.zookeeper.common.X509TestHelpers.certToBCFKSTrustStoreBytes(X509TestHelpers.java:343)
	at org.apache.zookeeper.common.X509TestContext.getTrustStoreBcfksFile(X509TestContext.java:223)
	at org.apache.zookeeper.common.X509TestContext.getTrustStoreFile(X509TestContext.java:166)
	at org.apache.zookeeper.common.BCFKSFileLoaderTest.testLoadTrustStore(BCFKSFileLoaderTest.java:115)
</error>
    <system-out><![CDATA[2022-03-29 10:47:48,829 [myid:] - INFO  [main:ZKTestCase@77] - STARTING Optional[public void org.apache.zookeeper.common.BCFKSFileLoaderTest.testLoadTrustStore(org.apache.zookeeper.common.X509KeyType,org.apache.zookeeper.common.X509KeyType,java.lang.String,java.lang.Integer) throws java.lang.Exception]
2022-03-29 10:47:49,064 [myid:] - INFO  [main:ZKTestCase@82] - FINISHED Optional[public void org.apache.zookeeper.common.BCFKSFileLoaderTest.testLoadTrustStore(org.apache.zookeeper.common.X509KeyType,org.apache.zookeeper.common.X509KeyType,java.lang.String,java.lang.Integer) throws java.lang.Exception]
]]></system-out>
  </testcase>
  <testcase name="testLoadTrustStoreWithNullFilePath{X509KeyType, X509KeyType, String, Integer}[1]" classname="org.apache.zookeeper.common.BCFKSFileLoaderTest" time="0.003"/>
  <testcase name="testLoadTrustStoreWithNullFilePath{X509KeyType, X509KeyType, String, Integer}[2]" classname="org.apache.zookeeper.common.BCFKSFileLoaderTest" time="0.001"/>
  <testcase name="testLoadTrustStoreWithNullFilePath{X509KeyType, X509KeyType, String, Integer}[3]" classname="org.apache.zookeeper.common.BCFKSFileLoaderTest" time="0.002"/>
  <testcase name="testLoadTrustStoreWithNullFilePath{X509KeyType, X509KeyType, String, Integer}[4]" classname="org.apache.zookeeper.common.BCFKSFileLoaderTest" time="0.003"/>
  <testcase name="testLoadTrustStoreWithNullFilePath{X509KeyType, X509KeyType, String, Integer}[5]" classname="org.apache.zookeeper.common.BCFKSFileLoaderTest" time="0.002"/>
  <testcase name="testLoadTrustStoreWithNullFilePath{X509KeyType, X509KeyType, String, Integer}[6]" classname="org.apache.zookeeper.common.BCFKSFileLoaderTest" time="0.003"/>
  <testcase name="testLoadTrustStoreWithNullFilePath{X509KeyType, X509KeyType, String, Integer}[7]" classname="org.apache.zookeeper.common.BCFKSFileLoaderTest" time="0.002"/>
  <testcase name="testLoadTrustStoreWithNullFilePath{X509KeyType, X509KeyType, String, Integer}[8]" classname="org.apache.zookeeper.common.BCFKSFileLoaderTest" time="0.002"/>
  <testcase name="testLoadTrustStoreWithWrongFilePath{X509KeyType, X509KeyType, String, Integer}[1]" classname="org.apache.zookeeper.common.BCFKSFileLoaderTest" time="0.358"/>
  <testcase name="testLoadTrustStoreWithWrongFilePath{X509KeyType, X509KeyType, String, Integer}[2]" classname="org.apache.zookeeper.common.BCFKSFileLoaderTest" time="0.344"/>
  <testcase name="testLoadTrustStoreWithWrongFilePath{X509KeyType, X509KeyType, String, Integer}[3]" classname="org.apache.zookeeper.common.BCFKSFileLoaderTest" time="0.354"/>
  <testcase name="testLoadTrustStoreWithWrongFilePath{X509KeyType, X509KeyType, String, Integer}[4]" classname="org.apache.zookeeper.common.BCFKSFileLoaderTest" time="0.428"/>
  <testcase name="testLoadTrustStoreWithWrongFilePath{X509KeyType, X509KeyType, String, Integer}[5]" classname="org.apache.zookeeper.common.BCFKSFileLoaderTest" time="0.389"/>
  <testcase name="testLoadTrustStoreWithWrongFilePath{X509KeyType, X509KeyType, String, Integer}[6]" classname="org.apache.zookeeper.common.BCFKSFileLoaderTest" time="0.35"/>
  <testcase name="testLoadTrustStoreWithWrongFilePath{X509KeyType, X509KeyType, String, Integer}[7]" classname="org.apache.zookeeper.common.BCFKSFileLoaderTest" time="0.259"/>
  <testcase name="testLoadTrustStoreWithWrongFilePath{X509KeyType, X509KeyType, String, Integer}[8]" classname="org.apache.zookeeper.common.BCFKSFileLoaderTest" time="0.342"/>
  <testcase name="testLoadTrustStoreWithWrongFileType{X509KeyType, X509KeyType, String, Integer}[1]" classname="org.apache.zookeeper.common.BCFKSFileLoaderTest" time="0.004"/>
  <testcase name="testLoadTrustStoreWithWrongFileType{X509KeyType, X509KeyType, String, Integer}[2]" classname="org.apache.zookeeper.common.BCFKSFileLoaderTest" time="0.004"/>
  <testcase name="testLoadTrustStoreWithWrongFileType{X509KeyType, X509KeyType, String, Integer}[3]" classname="org.apache.zookeeper.common.BCFKSFileLoaderTest" time="0.003"/>
  <testcase name="testLoadTrustStoreWithWrongFileType{X509KeyType, X509KeyType, String, Integer}[4]" classname="org.apache.zookeeper.common.BCFKSFileLoaderTest" time="0.003"/>
  <testcase name="testLoadTrustStoreWithWrongFileType{X509KeyType, X509KeyType, String, Integer}[5]" classname="org.apache.zookeeper.common.BCFKSFileLoaderTest" time="0.003"/>
  <testcase name="testLoadTrustStoreWithWrongFileType{X509KeyType, X509KeyType, String, Integer}[6]" classname="org.apache.zookeeper.common.BCFKSFileLoaderTest" time="0.003"/>
  <testcase name="testLoadTrustStoreWithWrongFileType{X509KeyType, X509KeyType, String, Integer}[7]" classname="org.apache.zookeeper.common.BCFKSFileLoaderTest" time="0.002"/>
  <testcase name="testLoadTrustStoreWithWrongFileType{X509KeyType, X509KeyType, String, Integer}[8]" classname="org.apache.zookeeper.common.BCFKSFileLoaderTest" time="0.004"/>
  <testcase name="testLoadKeyStoreWithWrongPassword{X509KeyType, X509KeyType, String, Integer}[1]" classname="org.apache.zookeeper.common.BCFKSFileLoaderTest" time="0.241"/>
  <testcase name="testLoadKeyStoreWithWrongPassword{X509KeyType, X509KeyType, String, Integer}[2]" classname="org.apache.zookeeper.common.BCFKSFileLoaderTest" time="0.254"/>
  <testcase name="testLoadKeyStoreWithWrongPassword{X509KeyType, X509KeyType, String, Integer}[3]" classname="org.apache.zookeeper.common.BCFKSFileLoaderTest" time="0.266"/>
  <testcase name="testLoadKeyStoreWithWrongPassword{X509KeyType, X509KeyType, String, Integer}[4]" classname="org.apache.zookeeper.common.BCFKSFileLoaderTest" time="0.27"/>
  <testcase name="testLoadKeyStoreWithWrongPassword{X509KeyType, X509KeyType, String, Integer}[5]" classname="org.apache.zookeeper.common.BCFKSFileLoaderTest" time="0.238"/>
  <testcase name="testLoadKeyStoreWithWrongPassword{X509KeyType, X509KeyType, String, Integer}[6]" classname="org.apache.zookeeper.common.BCFKSFileLoaderTest" time="0.29"/>
  <testcase name="testLoadKeyStoreWithWrongPassword{X509KeyType, X509KeyType, String, Integer}[7]" classname="org.apache.zookeeper.common.BCFKSFileLoaderTest" time="0.226"/>
  <testcase name="testLoadKeyStoreWithWrongPassword{X509KeyType, X509KeyType, String, Integer}[8]" classname="org.apache.zookeeper.common.BCFKSFileLoaderTest" time="0.221"/>
  <testcase name="testLoadTrustStoreWithWrongPassword{X509KeyType, X509KeyType, String, Integer}[1]" classname="org.apache.zookeeper.common.BCFKSFileLoaderTest" time="0.262"/>
  <testcase name="testLoadTrustStoreWithWrongPassword{X509KeyType, X509KeyType, String, Integer}[2]" classname="org.apache.zookeeper.common.BCFKSFileLoaderTest" time="0.448"/>
  <testcase name="testLoadTrustStoreWithWrongPassword{X509KeyType, X509KeyType, String, Integer}[3]" classname="org.apache.zookeeper.common.BCFKSFileLoaderTest" time="0.594"/>
  <testcase name="testLoadTrustStoreWithWrongPassword{X509KeyType, X509KeyType, String, Integer}[4]" classname="org.apache.zookeeper.common.BCFKSFileLoaderTest" time="0.576"/>
  <testcase name="testLoadTrustStoreWithWrongPassword{X509KeyType, X509KeyType, String, Integer}[5]" classname="org.apache.zookeeper.common.BCFKSFileLoaderTest" time="0.654"/>
  <testcase name="testLoadTrustStoreWithWrongPassword{X509KeyType, X509KeyType, String, Integer}[6]" classname="org.apache.zookeeper.common.BCFKSFileLoaderTest" time="0.454"/>
  <testcase name="testLoadTrustStoreWithWrongPassword{X509KeyType, X509KeyType, String, Integer}[7]" classname="org.apache.zookeeper.common.BCFKSFileLoaderTest" time="0.385"/>
  <testcase name="testLoadTrustStoreWithWrongPassword{X509KeyType, X509KeyType, String, Integer}[8]" classname="org.apache.zookeeper.common.BCFKSFileLoaderTest" time="0.537"/>
</testsuite>