<?xml version="1.0" encoding="UTF-8"?>
<testsuite xmlns:xsi="http://www.w3.org/2001/XMLSchema-instance" xsi:noNamespaceSchemaLocation="https://maven.apache.org/surefire/maven-surefire-plugin/xsd/surefire-test-report.xsd" name="org.apache.jute.BinaryInputArchiveTest" time="0.035" tests="9" errors="0" skipped="0" failures="0">
  <properties>
[...]
</properties>
  <testcase name="testInt" classname="org.apache.jute.BinaryInputArchiveTest" time="0.015"/>
  <testcase name="testFloat" classname="org.apache.jute.BinaryInputArchiveTest" time="0.001"/>
  <testcase name="testBool" classname="org.apache.jute.BinaryInputArchiveTest" time="0.001"/>
  <testcase name="testReadStringCheckLength" classname="org.apache.jute.BinaryInputArchiveTest" time="0.001"/>
  <testcase name="testReadStringForRecordsHavingLengthMoreThanMaxAllowedSize" classname="org.apache.jute.BinaryInputArchiveTest" time="0"/>
  <testcase name="testBuffer" classname="org.apache.jute.BinaryInputArchiveTest" time="0.001"/>
  <testcase name="testDouble" classname="org.apache.jute.BinaryInputArchiveTest" time="0"/>
  <testcase name="testReadStringForRecordsHavingLengthLessThanMaxAllowedSize" classname="org.apache.jute.BinaryInputArchiveTest" time="0.006"/>
  <testcase name="testString" classname="org.apache.jute.BinaryInputArchiveTest" time="0"/>
</testsuite>